[12.07.18 19:06:53] ERROR:Error in file C:\L2JSunrise\L2jSUNRISE_SOURCE_2017-10\L2J_SunriseProject_Core\build\dist\game\data\xml\stats\skills\custom\36000-36099.xml
java.lang.NullPointerException
	at l2r.gameserver.engines.DocumentBase.attachFunc(DocumentBase.java:264)
	at l2r.gameserver.engines.DocumentBase.parseTemplate(DocumentBase.java:256)
	at l2r.gameserver.engines.DocumentBase.attachEffect(DocumentBase.java:447)
	at l2r.gameserver.engines.DocumentBase.parseTemplate(DocumentBase.java:243)
	at l2r.gameserver.engines.skills.DocumentSkill.parseSkill(DocumentSkill.java:508)
	at l2r.gameserver.engines.skills.DocumentSkill.parseDocument(DocumentSkill.java:124)
	at l2r.gameserver.engines.DocumentBase.parse(DocumentBase.java:175)
	at l2r.gameserver.engines.DocumentEngine.loadSkills(DocumentEngine.java:93)
	at l2r.gameserver.engines.DocumentEngine.loadAllSkills(DocumentEngine.java:102)
	at l2r.gameserver.data.xml.impl.SkillData.load(SkillData.java:56)
	at l2r.gameserver.data.xml.impl.SkillData.<init>(SkillData.java:43)
	at l2r.gameserver.data.xml.impl.SkillData$SingletonHolder.<clinit>(SkillData.java:185)
	at l2r.gameserver.data.xml.impl.SkillData.getInstance(SkillData.java:180)
	at l2r.gameserver.GameServer.<init>(GameServer.java:236)
	at l2r.gameserver.GameServer.main(GameServer.java:530)
[12.07.18 19:08:39] ERROR:Error in file C:\L2JSunrise\L2jSUNRISE_SOURCE_2017-10\L2J_SunriseProject_Core\build\dist\game\data\xml\stats\skills\custom\36000-36099.xml
java.lang.NullPointerException
	at l2r.gameserver.engines.DocumentBase.attachFunc(DocumentBase.java:264)
	at l2r.gameserver.engines.DocumentBase.parseTemplate(DocumentBase.java:256)
	at l2r.gameserver.engines.DocumentBase.attachEffect(DocumentBase.java:447)
	at l2r.gameserver.engines.DocumentBase.parseTemplate(DocumentBase.java:243)
	at l2r.gameserver.engines.skills.DocumentSkill.parseSkill(DocumentSkill.java:508)
	at l2r.gameserver.engines.skills.DocumentSkill.parseDocument(DocumentSkill.java:124)
	at l2r.gameserver.engines.DocumentBase.parse(DocumentBase.java:175)
	at l2r.gameserver.engines.DocumentEngine.loadSkills(DocumentEngine.java:93)
	at l2r.gameserver.engines.DocumentEngine.loadAllSkills(DocumentEngine.java:102)
	at l2r.gameserver.data.xml.impl.SkillData.load(SkillData.java:56)
	at l2r.gameserver.data.xml.impl.SkillData.<init>(SkillData.java:43)
	at l2r.gameserver.data.xml.impl.SkillData$SingletonHolder.<clinit>(SkillData.java:185)
	at l2r.gameserver.data.xml.impl.SkillData.getInstance(SkillData.java:180)
	at l2r.gameserver.GameServer.<init>(GameServer.java:236)
	at l2r.gameserver.GameServer.main(GameServer.java:530)
