[25.06.18 14:20:28] INFO: Network Config: ipconfig.xml doesn't exists using automatic configuration...
[25.06.18 14:20:29] INFO: Network Config: Adding new subnet: 127.0.0.0/8 address: 127.0.0.1
[25.06.18 14:20:29] INFO: Network Config: Adding new subnet: 192.168.8.0/22 address: 192.168.10.46
[25.06.18 14:20:29] INFO: Network Config: Adding new subnet: 0.0.0.0/0 address: 187.62.8.92
[25.06.18 14:20:29] WARN: Could not load HexID file (./config/hexid/hexid.txt). Hopefully login will give us one.
[25.06.18 14:20:29] INFO: Loaded 6 Filter Words.
[25.06.18 14:20:29] INFO: Sunrise Configs Loaded...
[25.06.18 14:20:29] INFO: Updated characters online status.
[25.06.18 14:20:29] INFO: Cleaned up invalid Weddings.
[25.06.18 14:20:29] INFO: Cleaned 0 elements from database in 0 s
[25.06.18 14:20:29] INFO: Cleaned 0 expired timestamps from database.
[25.06.18 14:20:30] INFO: BitSetIDFactory: 102912 id's available.
[25.06.18 14:20:30] INFO: -------------------------------------------------=[ Engines ]
[25.06.18 14:20:30] INFO: Script Engine: jython 2.2.1 - Language: python - Language Version: 2.2.1
[25.06.18 14:20:30] INFO: Script Engine: Oracle Nashorn 1.8.0_172 - Language: ECMAScript - Language Version: ECMA - 262 Edition 5.1
[25.06.18 14:20:30] INFO: Script Engine: java 1.8 - Language: java - Language Version: 1.8
[25.06.18 14:20:30] INFO: -------------------------------------------------=[ Geodata ]
[25.06.18 14:20:30] INFO: ---------------------------------------------------=[ World ]
[25.06.18 14:20:30] INFO: GameTimeController: Started.
[25.06.18 14:20:30] INFO: InstanceManager: Multiverse Instance created.
[25.06.18 14:20:30] INFO: InstanceManager: Universe Instance created.
[25.06.18 14:20:30] WARN: InstanceManager: Could not parse instancenames.xml is not a file or it doesn't exist!
[25.06.18 14:20:30] INFO: InstanceManager: Loaded 0 instance names.
[25.06.18 14:20:31] INFO: L2World: (128 by 136) World Region Grid set up.
[25.06.18 14:20:31] WARN: MapRegionManager: Folder C:\Users\daniel.barion\Documents\DanielSan\JSunrise-Source\L2J_SunriseProject_Core\dist\game\data\xml\mapregion doesn't exist!
[25.06.18 14:20:31] INFO: MapRegionManager: Loaded 0 map regions.
[25.06.18 14:20:31] INFO: GlobalVariablesManager: Loaded 5 variables.
[25.06.18 14:20:31] INFO: ----------------------------------------------------=[ Data ]
[25.06.18 14:20:31] WARN: CategoryData: Could not parse categoryData.xml is not a file or it doesn't exist!
[25.06.18 14:20:31] INFO: CategoryData: Loaded 0 Categories.
[25.06.18 14:20:31] INFO: SecondaryAuthData: Loaded 328 forbidden passwords.
[25.06.18 14:20:31] INFO: -------------------------------------------------=[ Effects ]
[25.06.18 14:29:04] INFO: Network Config: ipconfig.xml doesn't exists using automatic configuration...
[25.06.18 14:29:04] INFO: Network Config: Adding new subnet: 127.0.0.0/8 address: 127.0.0.1
[25.06.18 14:29:04] INFO: Network Config: Adding new subnet: 192.168.8.0/22 address: 192.168.10.46
[25.06.18 14:29:04] INFO: Network Config: Adding new subnet: 0.0.0.0/0 address: 187.62.8.92
[25.06.18 14:29:05] WARN: Could not load HexID file (./config/hexid/hexid.txt). Hopefully login will give us one.
[25.06.18 14:29:05] INFO: Loaded 6 Filter Words.
[25.06.18 14:29:05] INFO: Sunrise Configs Loaded...
[25.06.18 14:29:05] INFO: Updated characters online status.
[25.06.18 14:29:05] INFO: Cleaned up invalid Weddings.
[25.06.18 14:29:05] INFO: Cleaned 0 elements from database in 0 s
[25.06.18 14:29:05] INFO: Cleaned 0 expired timestamps from database.
[25.06.18 14:29:05] INFO: BitSetIDFactory: 102912 id's available.
[25.06.18 14:29:05] INFO: -------------------------------------------------=[ Engines ]
[25.06.18 14:29:06] INFO: Script Engine: jython 2.2.1 - Language: python - Language Version: 2.2.1
[25.06.18 14:29:06] INFO: Script Engine: Oracle Nashorn 1.8.0_172 - Language: ECMAScript - Language Version: ECMA - 262 Edition 5.1
[25.06.18 14:29:06] INFO: Script Engine: java 1.8 - Language: java - Language Version: 1.8
[25.06.18 14:29:06] INFO: -------------------------------------------------=[ Geodata ]
[25.06.18 14:29:07] INFO: ---------------------------------------------------=[ World ]
[25.06.18 14:29:07] INFO: GameTimeController: Started.
[25.06.18 14:29:07] INFO: InstanceManager: Multiverse Instance created.
[25.06.18 14:29:07] INFO: InstanceManager: Universe Instance created.
[25.06.18 14:29:07] WARN: InstanceManager: Could not parse instancenames.xml is not a file or it doesn't exist!
[25.06.18 14:29:07] INFO: InstanceManager: Loaded 0 instance names.
[25.06.18 14:29:07] INFO: L2World: (128 by 136) World Region Grid set up.
[25.06.18 14:29:07] WARN: MapRegionManager: Folder C:\Users\daniel.barion\Documents\DanielSan\JSunrise-Source\L2J_SunriseProject_Core\dist\game\data\xml\mapregion doesn't exist!
[25.06.18 14:29:07] INFO: MapRegionManager: Loaded 0 map regions.
[25.06.18 14:29:07] INFO: GlobalVariablesManager: Loaded 5 variables.
[25.06.18 14:29:07] INFO: ----------------------------------------------------=[ Data ]
[25.06.18 14:29:07] WARN: CategoryData: Could not parse categoryData.xml is not a file or it doesn't exist!
[25.06.18 14:29:07] INFO: CategoryData: Loaded 0 Categories.
[25.06.18 14:29:07] INFO: SecondaryAuthData: Loaded 328 forbidden passwords.
[25.06.18 14:29:07] INFO: -------------------------------------------------=[ Effects ]
[25.06.18 14:38:01] INFO: Network Config: ipconfig.xml doesn't exists using automatic configuration...
[25.06.18 14:38:01] INFO: Network Config: Adding new subnet: 127.0.0.0/8 address: 127.0.0.1
[25.06.18 14:38:01] INFO: Network Config: Adding new subnet: 192.168.8.0/22 address: 192.168.10.46
[25.06.18 14:38:01] INFO: Network Config: Adding new subnet: 0.0.0.0/0 address: 187.62.8.92
[25.06.18 14:38:01] WARN: Could not load HexID file (./config/hexid/hexid.txt). Hopefully login will give us one.
[25.06.18 14:38:01] INFO: Loaded 6 Filter Words.
[25.06.18 14:38:01] INFO: Sunrise Configs Loaded...
[25.06.18 14:38:01] INFO: Updated characters online status.
[25.06.18 14:38:01] INFO: Cleaned up invalid Weddings.
[25.06.18 14:38:02] INFO: Cleaned 0 elements from database in 0 s
[25.06.18 14:38:02] INFO: Cleaned 0 expired timestamps from database.
[25.06.18 14:38:02] INFO: BitSetIDFactory: 102912 id's available.
[25.06.18 14:38:02] INFO: -------------------------------------------------=[ Engines ]
[25.06.18 14:38:02] INFO: Script Engine: jython 2.2.1 - Language: python - Language Version: 2.2.1
[25.06.18 14:38:02] INFO: Script Engine: Oracle Nashorn 1.8.0_172 - Language: ECMAScript - Language Version: ECMA - 262 Edition 5.1
[25.06.18 14:38:02] INFO: Script Engine: java 1.8 - Language: java - Language Version: 1.8
[25.06.18 14:38:02] INFO: -------------------------------------------------=[ Geodata ]
[25.06.18 14:38:02] INFO: ---------------------------------------------------=[ World ]
[25.06.18 14:38:02] INFO: GameTimeController: Started.
[25.06.18 14:38:02] INFO: InstanceManager: Multiverse Instance created.
[25.06.18 14:38:02] INFO: InstanceManager: Universe Instance created.
[25.06.18 14:38:02] WARN: InstanceManager: Could not parse instancenames.xml is not a file or it doesn't exist!
[25.06.18 14:38:02] INFO: InstanceManager: Loaded 0 instance names.
[25.06.18 14:38:02] INFO: L2World: (128 by 136) World Region Grid set up.
[25.06.18 14:38:02] WARN: MapRegionManager: Folder C:\Users\daniel.barion\Documents\DanielSan\JSunrise-Source\L2J_SunriseProject_Core\dist\game\data\xml\mapregion doesn't exist!
[25.06.18 14:38:02] INFO: MapRegionManager: Loaded 0 map regions.
[25.06.18 14:38:02] INFO: GlobalVariablesManager: Loaded 5 variables.
[25.06.18 14:38:02] INFO: ----------------------------------------------------=[ Data ]
[25.06.18 14:38:02] WARN: CategoryData: Could not parse categoryData.xml is not a file or it doesn't exist!
[25.06.18 14:38:02] INFO: CategoryData: Loaded 0 Categories.
[25.06.18 14:38:02] INFO: SecondaryAuthData: Loaded 328 forbidden passwords.
[25.06.18 14:38:02] INFO: -------------------------------------------------=[ Effects ]
[08.08.18 13:57:47] INFO: Network Config: ipconfig.xml doesn't exists using automatic configuration...
[08.08.18 13:57:48] INFO: Network Config: Adding new subnet: 127.0.0.0/8 address: 127.0.0.1
[08.08.18 13:57:48] INFO: Network Config: Adding new subnet: 192.168.88.0/24 address: 192.168.88.19
[08.08.18 13:57:48] INFO: Network Config: Adding new subnet: 192.168.137.0/24 address: 192.168.137.1
[08.08.18 13:57:48] INFO: Network Config: Adding new subnet: 0.0.0.0/0 address: 186.226.224.25
[08.08.18 13:57:49] INFO: Loaded 6 Filter Words.
[08.08.18 13:57:50] INFO: Sunrise Configs Loaded...
[08.08.18 13:57:50] INFO: Updated characters online status.
[08.08.18 13:57:50] INFO: Cleaned up invalid Weddings.
[08.08.18 13:57:51] INFO: Cleaned 0 elements from database in 0 s
[08.08.18 13:57:51] INFO: Cleaned 0 expired timestamps from database.
[08.08.18 13:57:51] INFO: BitSetIDFactory: 102912 id's available.
[08.08.18 13:57:51] INFO: -------------------------------------------------=[ Engines ]
[08.08.18 13:58:00] INFO: Script Engine: jython 2.2.1 - Language: python - Language Version: 2.2.1
[08.08.18 13:58:00] INFO: Script Engine: Oracle Nashorn 1.8.0_171 - Language: ECMAScript - Language Version: ECMA - 262 Edition 5.1
[08.08.18 13:58:00] INFO: Script Engine: java 1.8 - Language: java - Language Version: 1.8
[08.08.18 13:58:00] INFO: -------------------------------------------------=[ Geodata ]
[08.08.18 13:58:00] INFO: ---------------------------------------------------=[ World ]
[08.08.18 13:58:00] INFO: GameTimeController: Started.
[08.08.18 13:58:00] INFO: InstanceManager: Multiverse Instance created.
[08.08.18 13:58:00] INFO: InstanceManager: Universe Instance created.
[08.08.18 13:58:01] INFO: InstanceManager: Loaded 160 instance names.
[08.08.18 13:58:01] INFO: L2World: (128 by 136) World Region Grid set up.
[08.08.18 13:58:02] INFO: MapRegionManager: Loaded 57 map regions.
[08.08.18 13:58:02] INFO: GlobalVariablesManager: Loaded 0 variables.
[08.08.18 13:58:02] INFO: ----------------------------------------------------=[ Data ]
[08.08.18 13:58:02] INFO: CategoryData: Loaded 124 Categories.
[08.08.18 13:58:02] INFO: SecondaryAuthData: Loaded 328 forbidden passwords.
[08.08.18 13:58:02] INFO: -------------------------------------------------=[ Effects ]
[08.08.18 13:58:09] INFO: EffectHandler: Loaded 148 Handlers
[08.08.18 13:58:09] INFO: ------------------------------------=[ Enchant Skill Groups ]
[08.08.18 13:58:09] INFO: EnchantSkillGroupsData: Loaded 4 groups and 90 routes.
[08.08.18 13:58:09] INFO: ---------------------------------------------=[ Skill Trees ]
[08.08.18 13:58:14] INFO: SkillTreesData: Loaded 17176 Class Skills.
[08.08.18 13:58:14] INFO: SkillTreesData: Loaded 76 Sub-Class Skills.
[08.08.18 13:58:14] INFO: SkillTreesData: Loaded 77 Transfer Skills.
[08.08.18 13:58:14] INFO: SkillTreesData: Loaded 117 Fishing Skills.
[08.08.18 13:58:14] INFO: SkillTreesData: Loaded 3 Collect Skills.
[08.08.18 13:58:14] INFO: SkillTreesData: Loaded 74 Pledge Skills.
[08.08.18 13:58:14] INFO: SkillTreesData: Loaded 18 Sub-Pledge Skills.
[08.08.18 13:58:14] INFO: SkillTreesData: Loaded 32 Transform Skills.
[08.08.18 13:58:14] INFO: SkillTreesData: Loaded 8 Noble Skills.
[08.08.18 13:58:14] INFO: SkillTreesData: Loaded 5 Hero Skills.
[08.08.18 13:58:14] INFO: SkillTreesData: Loaded 46 Game Master Skills.
[08.08.18 13:58:14] INFO: SkillTreesData: Loaded 46 Game Master Aura Skills.
[08.08.18 13:58:14] INFO: --------------------------------------------------=[ Skills ]
[08.08.18 13:58:27] INFO: DocumentEngine: Loaded 66009 Skill templates from XML files.
[08.08.18 13:58:27] INFO: SummonSkillsTable: Loaded 1891 skills.
[08.08.18 13:58:27] INFO: ---------------------------------------------------=[ Items ]
[08.08.18 13:58:37] INFO: ItemData: Highest item id used:50105
[08.08.18 13:58:37] INFO: ItemData: Loaded: 11508 Etc Items
[08.08.18 13:58:37] INFO: ItemData: Loaded: 3844 Armor Items
[08.08.18 13:58:37] INFO: ItemData: Loaded: 3895 Weapon Items
[08.08.18 13:58:37] INFO: ItemData: Loaded: 19247 Items in total.
[08.08.18 13:58:37] INFO: EnchantItemGroupsData: Loaded: 4 item group templates.
[08.08.18 13:58:37] INFO: EnchantItemGroupsData: Loaded: 1 scroll group templates.
[08.08.18 13:58:37] INFO: EnchantItemData: Loaded 67 Enchant Scrolls.
[08.08.18 13:58:37] INFO: EnchantItemData: Loaded 20 Support Items.
[08.08.18 13:58:37] INFO: EnchantItemOptionsData: Loaded: 23 Items and 1093 Options.
[08.08.18 13:58:44] INFO: OptionData: Loaded: 24985 Options.
[08.08.18 13:58:44] INFO: EnchantItemHPBonusData: Loaded 6 Enchant HP Bonuses.
[08.08.18 13:58:45] INFO: MerchantPriceConfigData: Loaded 28 merchant price configs.
[08.08.18 13:58:54] WARN: BuyListData: Folder C:\Users\GMC\Documents\GitHub\JSunrise\L2J_SunriseProject_Core\build\dist\game\data\xml\buylists\custom doesn't exist!
[08.08.18 13:58:54] INFO: BuyListData: Loaded 760 BuyLists.
[08.08.18 13:59:02] INFO: MultisellData: Loaded 340 multisell lists.
[08.08.18 13:59:02] INFO: RecipeData: Loaded 1000 recipes.
[08.08.18 13:59:03] INFO: ArmorSetsData: Loaded 198 Armor sets.
[08.08.18 13:59:03] INFO: FishData: Loaded 278 Fishes.
[08.08.18 13:59:03] INFO: FishingMonstersData: Loaded 8 Fishing Monsters.
[08.08.18 13:59:03] INFO: FishingRodsData: Loaded 6 Fishing Rods.
[08.08.18 13:59:03] INFO: HennaData: Loaded 180 Henna data.
[08.08.18 13:59:03] INFO: -------------------------------------------=[ Product Items ]
[08.08.18 13:59:03] INFO: ProductItemData: Loaded 162 items for Item Mall.
[08.08.18 13:59:03] INFO: ----------------------------------------------=[ Characters ]
[08.08.18 13:59:03] INFO: ClassListData: Loaded 107 Class data.
[08.08.18 13:59:03] INFO: InitialEquipmentData: Loaded 11 Initial Equipment data.
[08.08.18 13:59:03] INFO: InitialShortcutData: Loaded 5 Initial Global Shortcuts data.
[08.08.18 13:59:03] INFO: InitialShortcutData: Loaded 4 Initial Shortcuts data.
[08.08.18 13:59:03] INFO: InitialShortcutData: Loaded 0 Macros presets.
[08.08.18 13:59:03] INFO: ExperienceData: Loaded 87 levels.
[08.08.18 13:59:03] INFO: ExperienceData: Max Player Level is: 85
[08.08.18 13:59:03] INFO: ExperienceData: Max Pet Level is: 86
[08.08.18 13:59:03] INFO: KarmaData: Loaded 85 karma modifiers.
[08.08.18 13:59:04] INFO: HitConditionBonusData: Loaded Hit Condition bonuses.
[08.08.18 13:59:06] INFO: PlayerTemplateData: Loaded 103 character templates.
[08.08.18 13:59:06] INFO: PlayerTemplateData: Loaded 52530 level up gain records.
[08.08.18 13:59:06] INFO: CharNameTable: Loaded 0 char names.
[08.08.18 13:59:06] INFO: AdminData: Loaded: 10 Access Levels.
[08.08.18 13:59:06] INFO: AdminData: Loaded: 453 Access Commands.
[08.08.18 13:59:06] INFO: RaidBossPointsManager: Loaded 0 Characters Raid Points.
[08.08.18 13:59:08] INFO: PetData: Loaded 52 Pets.
[08.08.18 13:59:08] INFO: ---------------------------------------------------=[ Clans ]
[08.08.18 13:59:08] INFO: ClanTable: Restored 0 clans from the database.
[08.08.18 13:59:08] INFO: CHSiegeManager: Loaded 6 conquerable clan halls.
[08.08.18 13:59:08] INFO: AuctionManager: Loaded: 0 auction(s)
[08.08.18 13:59:08] INFO: AuctionManager: Created auction for ClanHall: 22
[08.08.18 13:59:08] INFO: AuctionManager: Created auction for ClanHall: 23
[08.08.18 13:59:08] INFO: AuctionManager: Created auction for ClanHall: 24
[08.08.18 13:59:08] INFO: AuctionManager: Created auction for ClanHall: 25
[08.08.18 13:59:08] INFO: AuctionManager: Created auction for ClanHall: 26
[08.08.18 13:59:08] INFO: AuctionManager: Created auction for ClanHall: 27
[08.08.18 13:59:08] INFO: AuctionManager: Created auction for ClanHall: 28
[08.08.18 13:59:08] INFO: AuctionManager: Created auction for ClanHall: 29
[08.08.18 13:59:08] INFO: AuctionManager: Created auction for ClanHall: 30
[08.08.18 13:59:08] INFO: AuctionManager: Created auction for ClanHall: 31
[08.08.18 13:59:08] INFO: AuctionManager: Created auction for ClanHall: 32
[08.08.18 13:59:08] INFO: AuctionManager: Created auction for ClanHall: 33
[08.08.18 13:59:08] INFO: AuctionManager: Created auction for ClanHall: 36
[08.08.18 13:59:08] INFO: AuctionManager: Created auction for ClanHall: 37
[08.08.18 13:59:08] INFO: AuctionManager: Created auction for ClanHall: 38
[08.08.18 13:59:08] INFO: AuctionManager: Created auction for ClanHall: 39
[08.08.18 13:59:08] INFO: AuctionManager: Created auction for ClanHall: 40
[08.08.18 13:59:08] INFO: AuctionManager: Created auction for ClanHall: 41
[08.08.18 13:59:08] INFO: AuctionManager: Created auction for ClanHall: 42
[08.08.18 13:59:08] INFO: AuctionManager: Created auction for ClanHall: 43
[08.08.18 13:59:08] INFO: AuctionManager: Created auction for ClanHall: 44
[08.08.18 13:59:08] INFO: AuctionManager: Created auction for ClanHall: 45
[08.08.18 13:59:09] INFO: AuctionManager: Created auction for ClanHall: 46
[08.08.18 13:59:09] INFO: AuctionManager: Created auction for ClanHall: 47
[08.08.18 13:59:09] INFO: AuctionManager: Created auction for ClanHall: 48
[08.08.18 13:59:09] INFO: AuctionManager: Created auction for ClanHall: 49
[08.08.18 13:59:09] INFO: AuctionManager: Created auction for ClanHall: 50
[08.08.18 13:59:09] INFO: AuctionManager: Created auction for ClanHall: 51
[08.08.18 13:59:09] INFO: AuctionManager: Created auction for ClanHall: 52
[08.08.18 13:59:09] INFO: AuctionManager: Created auction for ClanHall: 53
[08.08.18 13:59:09] INFO: AuctionManager: Created auction for ClanHall: 54
[08.08.18 13:59:09] INFO: AuctionManager: Created auction for ClanHall: 55
[08.08.18 13:59:09] INFO: AuctionManager: Created auction for ClanHall: 56
[08.08.18 13:59:09] INFO: AuctionManager: Created auction for ClanHall: 57
[08.08.18 13:59:09] INFO: AuctionManager: Created auction for ClanHall: 58
[08.08.18 13:59:09] INFO: AuctionManager: Created auction for ClanHall: 59
[08.08.18 13:59:09] INFO: AuctionManager: Created auction for ClanHall: 60
[08.08.18 13:59:09] INFO: AuctionManager: Created auction for ClanHall: 61
[08.08.18 13:59:09] INFO: ClanHallManager: Loaded: 0 clan halls
[08.08.18 13:59:09] INFO: ClanHallManager: Loaded: 38 free clan halls
[08.08.18 13:59:09] INFO: ----------------------------------------------------=[ NPCs ]
[08.08.18 13:59:09] INFO: HerbDropData: Loaded 9 herb groups.
[08.08.18 13:59:09] INFO: SkillLearnData: Loaded 256 Skill Learn data.
[08.08.18 13:59:10] INFO: NpcTable: Loaded 10465 (Custom: 43) NPC template(s).
[08.08.18 13:59:11] INFO: NpcTable: Loaded 103018 (Custom: 0) NPC skills.
[08.08.18 13:59:11] INFO: NpcTable: Loaded 44235 (Custom: 5) drops.
[08.08.18 13:59:11] INFO: NpcTable: Loaded 525 Minions.
[08.08.18 13:59:11] INFO: NpcTable: Loaded 10461 (Custom: 38) AI Data.
[08.08.18 13:59:12] INFO: NpcTable: Loaded 10460 (Custom: 1) Elementals Data.
[08.08.18 13:59:12] INFO: WalkingManager: Loaded 123 walking routes.
[08.08.18 13:59:13] INFO: StaticObjectsData: Loaded 51 StaticObject Templates.
[08.08.18 13:59:16] INFO: GrandBossManager: Queen Ant(29001) status is 0.
[08.08.18 13:59:16] INFO: GrandBossManager: Core(29006) status is 0.
[08.08.18 13:59:16] INFO: GrandBossManager: Orfen(29014) status is 0.
[08.08.18 13:59:16] INFO: GrandBossManager: Baium(29020) status is 0.
[08.08.18 13:59:16] INFO: GrandBossManager: Valakas(29028) status is 0.
[08.08.18 13:59:16] INFO: GrandBossManager: Andreas Van Halter(29062) status is 0.
[08.08.18 13:59:16] INFO: GrandBossManager: Antharas(29068) status is 0.
[08.08.18 13:59:16] INFO: GrandBossManager: Beleth(29118) status is 0.
[08.08.18 13:59:16] INFO: GrandBossManager: Loaded 8 Instances
[08.08.18 13:59:17] INFO: DoorData: Loaded 1301 Door Templates for 21 regions.
[08.08.18 13:59:20] INFO: ZoneManager: Loaded 29 zone classes and 2828 zones.
[08.08.18 13:59:20] INFO: ZoneManager: Loaded 0 NPC spawn territoriers.
[08.08.18 13:59:21] INFO: CastleManager: Loaded: 9 castles
[08.08.18 13:59:21] INFO: FortManager: Loaded: 21 fortress
[08.08.18 13:59:21] INFO: NpcBufferTable: Loaded 1 buffers and 10 skills.
[08.08.18 13:59:21] INFO: GrandBossManager: Initialized 10 Grand Boss Zones
[08.08.18 13:59:21] INFO: -----------------------------------------=[ Auction Manager ]
[08.08.18 13:59:21] INFO: ItemAuctionManager: Disabled by config.
[08.08.18 13:59:21] INFO: ------------------------------------------------=[ Olympiad ]
[08.08.18 13:59:21] INFO: Olympiad System: failed to load data from database, trying to load from file.
[08.08.18 13:59:22] INFO: Olympiad System: Added weekly points to nobles
[08.08.18 13:59:22] INFO: Olympiad System: Reset weekly matches to nobles
[08.08.18 13:59:22] INFO: Olympiad System: Loading Olympiad System....
[08.08.18 13:59:22] INFO: Olympiad System: Currently in Olympiad Period
[08.08.18 13:59:22] INFO: Olympiad System: Period ends at 01/09/2018 00:00
[08.08.18 13:59:22] INFO: Olympiad System: In 23 days, 10 hours and 0 mins.
[08.08.18 13:59:22] INFO: Olympiad System: Next Weekly Change is in....
[08.08.18 13:59:22] INFO: Olympiad System: In 6 days, 23 hours and 59 mins.
[08.08.18 13:59:22] INFO: Olympiad System: Loaded 0 Noblesses
[08.08.18 13:59:22] INFO: Olympiad System: Competition Period Starts in 0 days, 4 hours and 0 mins.
[08.08.18 13:59:22] INFO: Olympiad System: Event starts/started : Wed Aug 08 18:00:22 BRT 2018
[08.08.18 13:59:22] INFO: Hero System: Loaded 0 Heroes.
[08.08.18 13:59:22] INFO: Hero System: Loaded 0 all time Heroes.
[08.08.18 13:59:22] INFO: ---------------------------------------------=[ Seven Signs ]
[08.08.18 13:59:22] INFO: SevenSigns: Currently in the Competition (Quest Event) period!
[08.08.18 13:59:22] INFO: SevenSigns: The Seal of Avarice remains unclaimed.
[08.08.18 13:59:22] INFO: SevenSigns: The Seal of Gnosis remains unclaimed.
[08.08.18 13:59:22] INFO: SevenSigns: The Seal of Strife remains unclaimed.
[08.08.18 13:59:22] INFO: SevenSigns: The competition, if the current trend continues, will end in a tie this week.
[08.08.18 13:59:22] INFO: SevenSigns: Next period change set to Mon Aug 13 18:00:22 BRT 2018
[08.08.18 13:59:22] INFO: SevenSigns: Next period in 5 days 4 hours and 0 mins.
[08.08.18 13:59:22] INFO: ---------------------------------------------------=[ Cache ]
[08.08.18 13:59:22] INFO: Cache[HTML]: Running lazy cache
[08.08.18 13:59:22] INFO: CrestTable: Loaded 0 Crests.
[08.08.18 13:59:22] INFO: TeleportLocationTable: Loaded 957 Teleport Location Templates.
[08.08.18 13:59:22] INFO: UIData: Loaded 4 keys 5 categories.
[08.08.18 13:59:22] INFO: AugmentationData: Loaded: 33960 augmentations.
[08.08.18 13:59:22] INFO: AugmentationData: Loaded: 2754 accessory augmentations.
[08.08.18 13:59:22] INFO: CursedWeaponsManager: Loaded : 2 cursed weapon(s).
[08.08.18 13:59:25] INFO: TransformData: Loaded: 112 transform templates.
[08.08.18 13:59:25] WARN: TransformData: Folder C:\Users\GMC\Documents\GitHub\JSunrise\L2J_SunriseProject_Core\build\dist\game\data\xml\stats\transformations\custom doesn't exist!
[08.08.18 13:59:25] INFO: TransformData: Loaded 0 custom transform templates.
[08.08.18 13:59:25] INFO: BotReportTable: Loaded 0 bot reports
[08.08.18 13:59:25] INFO: -------------------------------------------------=[ Scripts ]
[08.08.18 13:59:26] INFO: AirShipManager: Loaded 0 private airships
[08.08.18 13:59:26] INFO: ----------------------------------------=[ Datapack Scripts ]
