[25.06.18 14:20:29] WARN:Could not load HexID file (./config/hexid/hexid.txt). Hopefully login will give us one.
[25.06.18 14:20:30] WARN:InstanceManager: Could not parse instancenames.xml is not a file or it doesn't exist!
[25.06.18 14:20:31] WARN:MapRegionManager: Folder C:\Users\daniel.barion\Documents\DanielSan\JSunrise-Source\L2J_SunriseProject_Core\dist\game\data\xml\mapregion doesn't exist!
[25.06.18 14:20:31] WARN:CategoryData: Could not parse categoryData.xml is not a file or it doesn't exist!
[25.06.18 14:29:05] WARN:Could not load HexID file (./config/hexid/hexid.txt). Hopefully login will give us one.
[25.06.18 14:29:07] WARN:InstanceManager: Could not parse instancenames.xml is not a file or it doesn't exist!
[25.06.18 14:29:07] WARN:MapRegionManager: Folder C:\Users\daniel.barion\Documents\DanielSan\JSunrise-Source\L2J_SunriseProject_Core\dist\game\data\xml\mapregion doesn't exist!
[25.06.18 14:29:07] WARN:CategoryData: Could not parse categoryData.xml is not a file or it doesn't exist!
[25.06.18 14:38:01] WARN:Could not load HexID file (./config/hexid/hexid.txt). Hopefully login will give us one.
[25.06.18 14:38:02] WARN:InstanceManager: Could not parse instancenames.xml is not a file or it doesn't exist!
[25.06.18 14:38:02] WARN:MapRegionManager: Folder C:\Users\daniel.barion\Documents\DanielSan\JSunrise-Source\L2J_SunriseProject_Core\dist\game\data\xml\mapregion doesn't exist!
[25.06.18 14:38:02] WARN:CategoryData: Could not parse categoryData.xml is not a file or it doesn't exist!
[12.07.18 14:56:09] WARN:Could not load HexID file (./config/hexid/hexid.txt). Hopefully login will give us one.
[12.07.18 14:56:53] WARN:SpawnTable: Data missing in NPC table for ID: 557.
[12.07.18 14:56:53] WARN:SpawnTable: Data missing in NPC table for ID: 540.
[12.07.18 14:58:00] WARN:Master access level set for character Admin
[12.07.18 14:59:45] WARN:Master access level set for character Admin
[12.07.18 15:00:17] WARN:Master access level set for character Admin
[12.07.18 15:23:01] WARN:LoginServer not available, trying to reconnect...
[12.07.18 15:23:07] WARN:LoginServer not available, trying to reconnect...
[12.07.18 18:47:38] WARN:SpawnTable: Data missing in NPC table for ID: 557.
[12.07.18 18:47:38] WARN:SpawnTable: Data missing in NPC table for ID: 540.
[12.07.18 18:51:52] WARN:Master access level set for character Admin
[12.07.18 19:06:53] ERROR:Error in file C:\L2JSunrise\L2jSUNRISE_SOURCE_2017-10\L2J_SunriseProject_Core\build\dist\game\data\xml\stats\skills\custom\36000-36099.xml
java.lang.NullPointerException
	at l2r.gameserver.engines.DocumentBase.attachFunc(DocumentBase.java:264)
	at l2r.gameserver.engines.DocumentBase.parseTemplate(DocumentBase.java:256)
	at l2r.gameserver.engines.DocumentBase.attachEffect(DocumentBase.java:447)
	at l2r.gameserver.engines.DocumentBase.parseTemplate(DocumentBase.java:243)
	at l2r.gameserver.engines.skills.DocumentSkill.parseSkill(DocumentSkill.java:508)
	at l2r.gameserver.engines.skills.DocumentSkill.parseDocument(DocumentSkill.java:124)
	at l2r.gameserver.engines.DocumentBase.parse(DocumentBase.java:175)
	at l2r.gameserver.engines.DocumentEngine.loadSkills(DocumentEngine.java:93)
	at l2r.gameserver.engines.DocumentEngine.loadAllSkills(DocumentEngine.java:102)
	at l2r.gameserver.data.xml.impl.SkillData.load(SkillData.java:56)
	at l2r.gameserver.data.xml.impl.SkillData.<init>(SkillData.java:43)
	at l2r.gameserver.data.xml.impl.SkillData$SingletonHolder.<clinit>(SkillData.java:185)
	at l2r.gameserver.data.xml.impl.SkillData.getInstance(SkillData.java:180)
	at l2r.gameserver.GameServer.<init>(GameServer.java:236)
	at l2r.gameserver.GameServer.main(GameServer.java:530)
[12.07.18 19:07:19] WARN:SpawnTable: Data missing in NPC table for ID: 557.
[12.07.18 19:07:19] WARN:SpawnTable: Data missing in NPC table for ID: 540.
[12.07.18 19:08:39] ERROR:Error in file C:\L2JSunrise\L2jSUNRISE_SOURCE_2017-10\L2J_SunriseProject_Core\build\dist\game\data\xml\stats\skills\custom\36000-36099.xml
java.lang.NullPointerException
	at l2r.gameserver.engines.DocumentBase.attachFunc(DocumentBase.java:264)
	at l2r.gameserver.engines.DocumentBase.parseTemplate(DocumentBase.java:256)
	at l2r.gameserver.engines.DocumentBase.attachEffect(DocumentBase.java:447)
	at l2r.gameserver.engines.DocumentBase.parseTemplate(DocumentBase.java:243)
	at l2r.gameserver.engines.skills.DocumentSkill.parseSkill(DocumentSkill.java:508)
	at l2r.gameserver.engines.skills.DocumentSkill.parseDocument(DocumentSkill.java:124)
	at l2r.gameserver.engines.DocumentBase.parse(DocumentBase.java:175)
	at l2r.gameserver.engines.DocumentEngine.loadSkills(DocumentEngine.java:93)
	at l2r.gameserver.engines.DocumentEngine.loadAllSkills(DocumentEngine.java:102)
	at l2r.gameserver.data.xml.impl.SkillData.load(SkillData.java:56)
	at l2r.gameserver.data.xml.impl.SkillData.<init>(SkillData.java:43)
	at l2r.gameserver.data.xml.impl.SkillData$SingletonHolder.<clinit>(SkillData.java:185)
	at l2r.gameserver.data.xml.impl.SkillData.getInstance(SkillData.java:180)
	at l2r.gameserver.GameServer.<init>(GameServer.java:236)
	at l2r.gameserver.GameServer.main(GameServer.java:530)
[12.07.18 19:09:31] WARN:SpawnTable: Data missing in NPC table for ID: 557.
[12.07.18 19:09:31] WARN:SpawnTable: Data missing in NPC table for ID: 540.
[12.07.18 19:18:00] WARN:SpawnTable: Data missing in NPC table for ID: 557.
[12.07.18 19:18:00] WARN:SpawnTable: Data missing in NPC table for ID: 540.
[12.07.18 21:00:23] WARN:Master access level set for character Admin
[12.07.18 21:01:56] WARN:LoginServer not available, trying to reconnect...
[14.07.18 13:12:09] WARN:SpawnTable: Data missing in NPC table for ID: 557.
[14.07.18 13:12:09] WARN:SpawnTable: Data missing in NPC table for ID: 540.
[14.07.18 13:30:05] WARN:Master access level set for character Admin
[14.07.18 19:23:02] WARN:SpawnTable: Data missing in NPC table for ID: 557.
[14.07.18 19:23:02] WARN:SpawnTable: Data missing in NPC table for ID: 540.
[14.07.18 20:14:48] WARN:LoginServer not available, trying to reconnect...
[14.07.18 20:21:34] WARN:Could not load HexID file (./config/hexid/hexid.txt). Hopefully login will give us one.
[14.07.18 20:22:09] WARN:SpawnTable: Data missing in NPC table for ID: 557.
[14.07.18 20:22:09] WARN:SpawnTable: Data missing in NPC table for ID: 540.
[14.07.18 20:25:52] WARN:LoginServer not available, trying to reconnect...
[14.07.18 21:26:59] WARN:SpawnTable: Data missing in NPC table for ID: 557.
[14.07.18 21:26:59] WARN:SpawnTable: Data missing in NPC table for ID: 540.
[14.07.18 21:59:34] WARN:Master access level set for character Admin
[14.07.18 22:11:53] WARN:GM: Admin(268481206) issued shutdown command. restarting in 1 seconds!
[14.07.18 22:11:54] WARN:GM shutdown countdown is over. restarting NOW!
[14.07.18 22:19:55] WARN:SpawnTable: Data missing in NPC table for ID: 557.
[14.07.18 22:19:55] WARN:SpawnTable: Data missing in NPC table for ID: 540.
[14.07.18 22:23:07] WARN:SpawnTable: Data missing in NPC table for ID: 557.
[14.07.18 22:23:07] WARN:SpawnTable: Data missing in NPC table for ID: 540.
[14.07.18 22:23:56] WARN:Master access level set for character Admin
[14.07.18 22:27:24] WARN:SpawnTable: Data missing in NPC table for ID: 557.
[14.07.18 22:27:24] WARN:SpawnTable: Data missing in NPC table for ID: 540.
[14.07.18 22:27:39] WARN:Master access level set for character Admin
[14.07.18 22:31:43] WARN:SpawnTable: Data missing in NPC table for ID: 557.
[14.07.18 22:31:43] WARN:SpawnTable: Data missing in NPC table for ID: 540.
[14.07.18 22:58:55] WARN:LoginServer not available, trying to reconnect...
[18.07.18 20:17:10] WARN:SpawnTable: Data missing in NPC table for ID: 557.
[18.07.18 20:17:10] WARN:SpawnTable: Data missing in NPC table for ID: 540.
[18.07.18 20:53:11] WARN:SpawnTable: Data missing in NPC table for ID: 557.
[18.07.18 20:53:11] WARN:SpawnTable: Data missing in NPC table for ID: 540.
[18.07.18 20:54:07] WARN:Master access level set for character Admin
[08.08.18 21:56:09] WARN:[L2JMods.ini] missing property for key: DressMe using default value: false
[08.08.18 22:03:48] WARN:Could not load HexID file (./config/hexid/hexid.txt). Hopefully login will give us one.
[08.08.18 22:05:06] WARN:SpawnTable: Data missing in NPC table for ID: 557.
[08.08.18 22:05:06] WARN:SpawnTable: Data missing in NPC table for ID: 540.
[08.08.18 22:22:03] WARN:LoginServer not available, trying to reconnect...
[08.08.18 22:22:47] WARN:SpawnTable: Data missing in NPC table for ID: 557.
[08.08.18 22:22:47] WARN:SpawnTable: Data missing in NPC table for ID: 540.
[08.08.18 23:04:26] WARN:SpawnTable: Data missing in NPC table for ID: 557.
[08.08.18 23:04:26] WARN:SpawnTable: Data missing in NPC table for ID: 540.
